<?xml version="1.0" encoding="UTF-8"?>
<!-- Generated by org.testng.reporters.JUnitReportReporter -->
<testsuite hostname="Abhijits-MacBook-Air.local" failures="0" tests="1" name="TestNg_Parrelle.Amazon_Distribution" time="8.925" errors="0" timestamp="2023-08-12T16:57:57 IST" skipped="0">
  <testcase classname="TestNg_Parrelle.Amazon_Distribution" name="Amazon" time="8.925"/>
</testsuite> <!-- TestNg_Parrelle.Amazon_Distribution -->
