<?xml version="1.0" encoding="UTF-8"?>
<!-- Generated by org.testng.reporters.JUnitReportReporter -->
<testsuite hostname="Abhijits-MacBook-Air.local" failures="0" tests="3" name="TestNg.Innovation" time="0.009" errors="0" timestamp="2023-08-11T17:43:25 IST" skipped="0">
  <testcase classname="TestNg.Innovation" name="Demo1" time="0.002"/>
  <testcase classname="TestNg.Innovation" name="Demo3" time="0.005"/>
  <testcase classname="TestNg.Innovation" name="Demo2" time="0.002"/>
</testsuite> <!-- TestNg.Innovation -->
