<?xml version="1.0" encoding="UTF-8"?>
<!-- Generated by org.testng.reporters.JUnitReportReporter -->
<testsuite hostname="Abhijits-MacBook-Air.local" failures="0" tests="3" name="TestNg.Priority" time="0.021" errors="0" timestamp="2023-08-11T17:43:25 IST" skipped="1">
  <testcase classname="TestNg.Priority" name="demo1" time="0.007"/>
  <testcase classname="TestNg.Priority" name="demo1" time="0.014"/>
  <testcase classname="TestNg.Priority" name="Demo3">
    <skipped/>
  </testcase> <!-- Demo3 -->
</testsuite> <!-- TestNg.Priority -->
