<?xml version="1.0" encoding="UTF-8"?>
<!-- Generated by org.testng.reporters.JUnitReportReporter -->
<testsuite hostname="Abhijits-MacBook-Air.local" failures="0" tests="1" name="TestNg_Parrelle.Facebook_Distributed" time="11.958" errors="0" timestamp="2023-08-12T16:57:57 IST" skipped="0">
  <testcase classname="TestNg_Parrelle.Facebook_Distributed" name="facebook" time="11.958"/>
</testsuite> <!-- TestNg_Parrelle.Facebook_Distributed -->
