<?xml version="1.0" encoding="UTF-8"?>
<!-- Generated by org.testng.reporters.JUnitReportReporter -->
<testsuite hostname="Abhijits-MacBook-Air.local" failures="0" tests="1" name="TestNg_group.sample2" time="0.002" errors="0" timestamp="2023-08-14T16:24:02 IST" skipped="0">
  <testcase classname="TestNg_group.sample2" name="demo4" time="0.002"/>
</testsuite> <!-- TestNg_group.sample2 -->
