<?xml version="1.0" encoding="UTF-8"?>
<!-- Generated by org.testng.reporters.JUnitReportReporter -->
<testsuite hostname="Abhijits-MacBook-Air.local" failures="0" tests="1" name="TestNg_fail.Facebook_Distributed" time="9.928" errors="0" timestamp="2023-08-12T17:57:54 IST" skipped="0">
  <testcase classname="TestNg_fail.Facebook_Distributed" name="facebook" time="9.928"/>
</testsuite> <!-- TestNg_fail.Facebook_Distributed -->
