<?xml version="1.0" encoding="UTF-8"?>
<!-- Generated by org.testng.reporters.JUnitReportReporter -->
<testsuite hostname="Abhijits-MacBook-Air.local" failures="0" tests="3" name="TestNg.Data_Provider" time="17.887" errors="0" timestamp="2023-08-14T17:54:45 IST" skipped="0">
  <testcase classname="TestNg.Data_Provider" name="demo" time="6.890"/>
  <testcase classname="TestNg.Data_Provider" name="demo" time="5.621"/>
  <testcase classname="TestNg.Data_Provider" name="demo" time="5.376"/>
</testsuite> <!-- TestNg.Data_Provider -->
